app/build/intermediates/manifest_merge_blame_file/debug/manifest-merger-blame-debug-report.txt
1<?xml version="1.0" encoding="utf-8"?>
2<manifest xmlns:android="http://schemas.android.com/apk/res/android"
3    package="com.example.sims"
4    android:versionCode="1"
5    android:versionName="1.0" >
6
7    <uses-sdk
8        android:minSdkVersion="16"
8-->src\main\AndroidManifest.xml
9        android:targetSdkVersion="30" />
9-->src\main\AndroidManifest.xml
10
11    <application
11-->src\main\AndroidManifest.xml:5:5-33:19
12        android:allowBackup="true"
12-->src\main\AndroidManifest.xml:6:9-35
13        android:appComponentFactory="androidx.core.app.CoreComponentFactory"
13-->[androidx.core:core:1.5.0] AndroidManifest.xml:24:18-86
14        android:debuggable="true"
15        android:icon="@mipmap/ic_launcher"
15-->src\main\AndroidManifest.xml:7:9-43
16        android:label="@string/app_name"
16-->src\main\AndroidManifest.xml:8:9-41
17        android:roundIcon="@mipmap/ic_launcher_round"
17-->src\main\AndroidManifest.xml:9:9-54
18        android:supportsRtl="true"
18-->src\main\AndroidManifest.xml:10:9-35
19        android:testOnly="true"
20        android:theme="@style/Theme.SIMS" >
20-->src\main\AndroidManifest.xml:11:9-42
21        <activity android:name="com.example.sims.admin.TeachTaskActivity" />
21-->src\main\AndroidManifest.xml:12:9-70
21-->src\main\AndroidManifest.xml:12:19-58
22        <activity android:name="com.example.sims.admin.AddStuActivity" />
22-->src\main\AndroidManifest.xml:13:9-58
22-->src\main\AndroidManifest.xml:13:19-55
23        <activity android:name="com.example.sims.admin.ModifyStuInfoActivity" />
23-->src\main\AndroidManifest.xml:14:9-65
23-->src\main\AndroidManifest.xml:14:19-62
24        <activity android:name="com.example.sims.admin.ModifyStuScoreActivity" />
24-->src\main\AndroidManifest.xml:15:9-66
24-->src\main\AndroidManifest.xml:15:19-63
25        <activity android:name="com.example.sims.admin.DistributeCourseActivity" />
25-->src\main\AndroidManifest.xml:16:9-68
25-->src\main\AndroidManifest.xml:16:19-65
26        <activity android:name="com.example.sims.admin.SearchStuInfoActivity" />
26-->src\main\AndroidManifest.xml:17:9-65
26-->src\main\AndroidManifest.xml:17:19-62
27        <activity android:name="com.example.sims.teacher.ModfyScoreMainActivity" />
27-->src\main\AndroidManifest.xml:18:9-68
27-->src\main\AndroidManifest.xml:18:19-65
28        <activity android:name="com.example.sims.teacher.ModifyScoreActivity" />
28-->src\main\AndroidManifest.xml:19:9-65
28-->src\main\AndroidManifest.xml:19:19-62
29        <activity android:name="com.example.sims.student.ModifyActivity" />
29-->src\main\AndroidManifest.xml:20:9-60
29-->src\main\AndroidManifest.xml:20:19-57
30        <activity android:name="com.example.sims.student.ScoreActivity" />
30-->src\main\AndroidManifest.xml:21:9-59
30-->src\main\AndroidManifest.xml:21:19-56
31        <activity android:name="com.example.sims.student.PersonalFileActivity" />
31-->src\main\AndroidManifest.xml:22:9-66
31-->src\main\AndroidManifest.xml:22:19-63
32        <activity android:name="com.example.sims.admin.AdminActivity" />
32-->src\main\AndroidManifest.xml:23:9-57
32-->src\main\AndroidManifest.xml:23:19-54
33        <activity android:name="com.example.sims.teacher.TeacherActivity" />
33-->src\main\AndroidManifest.xml:24:9-61
33-->src\main\AndroidManifest.xml:24:19-58
34        <activity android:name="com.example.sims.student.StudentActivity" />
34-->src\main\AndroidManifest.xml:25:9-61
34-->src\main\AndroidManifest.xml:25:19-58
35        <activity android:name="com.example.sims.login.LoginActivity" >
35-->src\main\AndroidManifest.xml:26:9-32:20
35-->src\main\AndroidManifest.xml:26:19-54
36            <intent-filter>
36-->src\main\AndroidManifest.xml:27:13-31:29
37                <action android:name="android.intent.action.MAIN" />
37-->src\main\AndroidManifest.xml:28:17-69
37-->src\main\AndroidManifest.xml:28:25-66
38
39                <category android:name="android.intent.category.LAUNCHER" />
39-->src\main\AndroidManifest.xml:30:17-77
39-->src\main\AndroidManifest.xml:30:27-74
40            </intent-filter>
41        </activity>
42
43        <service
43-->[androidx.room:room-runtime:2.3.0] AndroidManifest.xml:25:9-28:40
44            android:name="androidx.room.MultiInstanceInvalidationService"
44-->[androidx.room:room-runtime:2.3.0] AndroidManifest.xml:26:13-74
45            android:directBootAware="true"
45-->[androidx.room:room-runtime:2.3.0] AndroidManifest.xml:27:13-43
46            android:exported="false" />
46-->[androidx.room:room-runtime:2.3.0] AndroidManifest.xml:28:13-37
47    </application>
48
49</manifest>